CREATING: /usr/local/nagiosxi/var/dbmaint.lock
CLEANING ndoutils TABLE 'commenthistory'...
SQL: DELETE FROM nagios_commenthistory WHERE entry_time < FROM_UNIXTIME(1448421004)
CLEANING ndoutils TABLE 'processevents'...
SQL: DELETE FROM nagios_processevents WHERE event_time < FROM_UNIXTIME(1448421004)
CLEANING ndoutils TABLE 'externalcommands'...
SQL: DELETE FROM nagios_externalcommands WHERE entry_time < FROM_UNIXTIME(1479352204)
CLEANING ndoutils TABLE 'logentries'...
SQL: DELETE FROM nagios_logentries WHERE logentry_time < FROM_UNIXTIME(1472181004)
CLEANING ndoutils TABLE 'notifications'...
SQL: DELETE FROM nagios_notifications WHERE start_time < FROM_UNIXTIME(1472181004)
CLEANING ndoutils TABLE 'contactnotifications'...
SQL: DELETE FROM nagios_contactnotifications WHERE start_time < FROM_UNIXTIME(1472181004)
CLEANING ndoutils TABLE 'contactnotificationmethods'...
SQL: DELETE FROM nagios_contactnotificationmethods WHERE start_time < FROM_UNIXTIME(1472181004)
CLEANING ndoutils TABLE 'statehistory'...
SQL: DELETE FROM nagios_statehistory WHERE state_time < FROM_UNIXTIME(1416885004)
CLEANING ndoutils TABLE 'timedevents'...
SQL: DELETE FROM nagios_timedevents WHERE event_time < FROM_UNIXTIME(1479956704)
CLEANING ndoutils TABLE 'systemcommands'...
SQL: DELETE FROM nagios_systemcommands WHERE start_time < FROM_UNIXTIME(1479956704)
CLEANING ndoutils TABLE 'servicechecks'...
SQL: DELETE FROM nagios_servicechecks WHERE start_time < FROM_UNIXTIME(1479956704)
CLEANING ndoutils TABLE 'hostchecks'...
SQL: DELETE FROM nagios_hostchecks WHERE start_time < FROM_UNIXTIME(1479956704)
CLEANING ndoutils TABLE 'eventhandlers'...
SQL: DELETE FROM nagios_eventhandlers WHERE start_time < FROM_UNIXTIME(1479956704)
LASTOPT:  1479956405
INTERVAL: 60
NOW:      1479957004
OPTTIME:  1479960005
CLEANING nagiosxi TABLE 'commands'...
SQL: DELETE FROM xi_commands WHERE processing_time < FROM_UNIXTIME(1479928204)
CLEANING nagiosxi TABLE 'events'...
SQL: DELETE FROM xi_events WHERE processing_time < FROM_UNIXTIME(1479928204)
SQL1: SELECT xi_meta.meta_id FROM xi_meta LEFT JOIN xi_events ON xi_meta.metaobj_id=xi_events.event_id WHERE metatype_id='1' AND event_id IS NULL
SQL2: Deleted 0 (DELETE FROM xi_meta WHERE meta_id IN (SELECT xi_meta.meta_id FROM xi_meta LEFT JOIN xi_events ON xi_meta.metaobj_id=xi_events.event_id WHERE metatype_id='1' AND event_id IS NULL))
CLEANING nagiosxi TABLE 'auditlog'...
SQL: DELETE FROM xi_auditlog WHERE log_time < FROM_UNIXTIME(1477365004)
CLEANING nagiosql TABLE 'logbook'...
SQL: DELETE FROM tbl_logbook WHERE time < FROM_UNIXTIME(1479928204)




Repair Complete: Removing Lock File
